<?xml version="1.0" encoding="UTF-8"?>
<testsuite xmlns:xsi="http://www.w3.org/2001/XMLSchema-instance" xsi:noNamespaceSchemaLocation="https://maven.apache.org/surefire/maven-surefire-plugin/xsd/surefire-test-report-3.0.xsd" version="3.0" name="com.oddplayerapi.mvp.service.FfmpegServiceTest" time="0.038" tests="4" errors="0" skipped="0" failures="0">
  <properties>
[...]
</properties>
  <testcase name="shouldNotIncludeQualityForPng" classname="com.oddplayerapi.mvp.service.FfmpegServiceTest" time="0.004"/>
  <testcase name="shouldIncludeDrawtextFilterWhenOverlayEnabled" classname="com.oddplayerapi.mvp.service.FfmpegServiceTest" time="0.024"/>
  <testcase name="shouldBuildSnapshotCommand" classname="com.oddplayerapi.mvp.service.FfmpegServiceTest" time="0.002"/>
  <testcase name="shouldBuildSafeCommandAsArgumentListForJpg" classname="com.oddplayerapi.mvp.service.FfmpegServiceTest" time="0.002"/>
</testsuite>